ASAHI
Blake
Maverick
Endo-Button
Doppler
Grand
Petit
Hohmann
Lanz
McBurney
Patient
ISHLT
Liver
OP
DD
Leu
Riva
Poli
Mason Score
Hakim Trias
ED
NIH Stroke
Spina
Rhomberg
Model
Costa
Alonso
Low
Hailey
French
Cimino
Erb
Na
IV
III
II
I
Cella
Jude
Glässer
Ann
Cox
Karina
Douglas
Chelsea Critical Care
Roux
End
Meng
Look
Le Fort
Goldmann
Up Beat
Up-Beat
Nies
Porth
Rea
Sella
Dura
Ala
Spiegel
Knie Hacke
Knie-Hacke
Fleischer
Seit-Seit
Tag-Nacht
Hashimoto
Lauren
Steinmann
Fisher
Storm
Lu
Vent
Sierra
Storz
Barthel
Walker
Simpson
Codman
Hakim
