abgabe
allergie
allergien
anamnese
assistent
assistentin
befund
beratung
bericht
beschwerden
bilanz
bilanzierung
chirurgie
diagnose
erkrankung
erkrankungen
exposition
faktor
faktoren
funktion
funktionen
gefühl
geräusch
geräusche
graphie
heilung
infarkt
injektion
kapazität
kapazität
karzinom
konsultation
konsum
kontrolle
kopie
krampf
krämpfe
latenz
lösung
metrie
ödeme
oedeme
ologie
pathie
prophylaxe
reaktion
reizung
schub
sensibilisierung
status
steigerung
störung
suffizienz
tendenz
testung
testungen
therapie
töne
tumor
untersuchung
varizen
verfahren
verträglichkeit
werte
werten
zeichen
zustand
