## Quarters of zurich
Affoltern
Albisrieden
Altstetten
Aussersihl
Enge
Escher-Wyss
Escher Wyss
Fluntern
Friesenberg
Hard
Hirslanden
Hirzenbach
Höngg
Hottingen
Langstrasse
Leimbach
Lindenhof
Mühlebach
Oberstrass
Oerlikon
Saatlen
Schipfe
Schwamendingen
Seebach
Seefeld
Sihlfeld
Unterstrass
Weinegg
Werd
Wiedikon
Wipkingen
Witikon
Wollishofen
Stadelhofen
## Missspellings due to (swiss) german pronounciation
Argau
Albisried
Grünigen
Dürnden
Diesldorf
Nestal
Örlikon
Schwammendingen
Wollrau
Züricher
Zugern
## Other
Haldenbach
Hegibach
Hallern
Wolfgang
Emmersberg
Gibeleich
Susenberg
Wangen ZH
Kluspark
Dissenhofen
Mühleacker
Mühlhalde
Schlossberg
Glatt
St. Katharinental
St.Katharinental
El Palmar