Aargau
Aargauer
Appenzell Ausserrhoden
Appenzell Innerrhoden
Appenzeller Ausserrhodener
Basel-Landschaft
Basel-Stadt
Baseler
Berne
Berner
Bündner
Freiburg
Freiburger
Fribourg
Genf
Genfer
Genève
Glarner
Glarus
Graubünden
Jura
Luzern
Luzerner
Neuchâtel
Neuenburg
Neuenburger
Nidwalden
Nidwaldener
Obwalden
Obwaldener
Schaffhausen
Schaffhausener
Schwyz
Schwyzer
Solothurn
Solothurner
St. Gallen
Tessin
Tessiner
Thurgau
Thurgauer
Ticino
Uri
Urner
Valais
Vaud
Waadt
Waadtländer
Wallis
Walliser
Zug
Zuger
Zürcher
Zürich