chinesische Medizin
Chinesische Medizin
Port-a-Cath
Bristol-Myers Squibb
Gy
Grand Round
Grand-Round
Boehringer Ingelheim
B-Zell
B - Zell
B-Zell-Lymphom
T-Zell-Lymphom
NHL-B-Zell-Lymphom
G-Zell
G - Zell
T-Zell
T - Zell
T Zell
G Zell
B Zell
Leuk
Dermophil Indien
Arbeitsplatz
Quadra Assura
Ger
Rüedi Spirig
Heparin Bichsel Bichsel
Lichtenstein
Boston Scientific
Montgomery
Hospital Reanimation
Hospital-Reanimation
hospital Reanimation
Luftweg
Rückweg
Zugangsweg
Reckeweg
einem Brunnen
der Brunnen
am Gross
im Gross
Fehler: Konnte die Oberebene der Headers nicht laden!
