SPR
SDI
NKO
AUG
MKG
NCH
NOS
NRA
ORL
PSY
IMO
HAM
IKI
GER
HAE
INF
ONK
KIM
RAO
FKI
GEB
GYN
NEO
END
AIO
IFA
IFI
BOP
TDR
DER
PCH
RUZ
TRA
NOT
PEU
BGV
DIR
NUK
NRI
ROI
AST
ENK
GAE
PHA
NEP
URO
VIS
DIA
IMM
IKC
PTK
PTN
HAD
HGT
ANG
HER
KAR
PNE
THO
HYG
UNF
#Innere Medizin
Derma
Lokomotionslabor
Endokrinologie
Diabetologie
Diabetologie und klinische Ernährung
Diabetologie und Klinische Ernährung
Chirurgie IMC
Chirurgie IPS
IMC
IPS
Schiebler Ambulatorium
CPU
Sarkopenie und Osteologie
Mund- Kiefer- u Gesichtschirurgie
Gastroenterologie & Hepatolog
Viszeral- / Transplantationschir
Kardioanästhesie
Intensivmedizin
Intensivmedizin-OP-Management
Intensivmedizin - OP - Management
Nephrologie
Anästhesiologie
Ambulante kardiologische Disposition
Kardiologische amublante Disposition
Neurologie
Spitalhyg
Infektionskrankh
Chirurgie und Handchirurgie
Unfallchirurgie
Pneumologie
Neurorehabilitation
Onkologie
Medizinische Onkologie
Rheumatologie
Hämatologie
Plast
Intensivstation
Kardiologie
Wirbelsäulenchirurgie